

Started GET "/" for 127.0.0.1 at 2014-05-30 12:20:50 -0700
Processing by Rails::WelcomeController#index as HTML
  Rendered /Volumes/RINZLER/matthewmosher/.rvm/gems/ruby-2.0.0-p353/gems/railties-4.0.0/lib/rails/templates/rails/welcome/index.html.erb (21.9ms)
Completed 200 OK in 152ms (Views: 112.4ms | ActiveRecord: 0.0ms)


Started GET "/verses/new" for 127.0.0.1 at 2014-05-30 12:21:47 -0700

ActionController::RoutingError (No route matches [GET] "/verses/new"):
  actionpack (4.0.0) lib/action_dispatch/middleware/debug_exceptions.rb:21:in `call'
  actionpack (4.0.0) lib/action_dispatch/middleware/show_exceptions.rb:30:in `call'
  railties (4.0.0) lib/rails/rack/logger.rb:38:in `call_app'
  railties (4.0.0) lib/rails/rack/logger.rb:21:in `block in call'
  activesupport (4.0.0) lib/active_support/tagged_logging.rb:67:in `block in tagged'
  activesupport (4.0.0) lib/active_support/tagged_logging.rb:25:in `tagged'
  activesupport (4.0.0) lib/active_support/tagged_logging.rb:67:in `tagged'
  railties (4.0.0) lib/rails/rack/logger.rb:21:in `call'
  actionpack (4.0.0) lib/action_dispatch/middleware/request_id.rb:21:in `call'
  rack (1.5.2) lib/rack/methodoverride.rb:21:in `call'
  rack (1.5.2) lib/rack/runtime.rb:17:in `call'
  activesupport (4.0.0) lib/active_support/cache/strategy/local_cache.rb:83:in `call'
  rack (1.5.2) lib/rack/lock.rb:17:in `call'
  actionpack (4.0.0) lib/action_dispatch/middleware/static.rb:64:in `call'
  railties (4.0.0) lib/rails/engine.rb:511:in `call'
  railties (4.0.0) lib/rails/application.rb:97:in `call'
  rack (1.5.2) lib/rack/lock.rb:17:in `call'
  rack (1.5.2) lib/rack/content_length.rb:14:in `call'
  rack (1.5.2) lib/rack/handler/webrick.rb:60:in `service'
  /Volumes/RINZLER/matthewmosher/.rvm/rubies/ruby-2.0.0-p353/lib/ruby/2.0.0/webrick/httpserver.rb:138:in `service'
  /Volumes/RINZLER/matthewmosher/.rvm/rubies/ruby-2.0.0-p353/lib/ruby/2.0.0/webrick/httpserver.rb:94:in `run'
  /Volumes/RINZLER/matthewmosher/.rvm/rubies/ruby-2.0.0-p353/lib/ruby/2.0.0/webrick/server.rb:295:in `block in start_thread'


  Rendered /Volumes/RINZLER/matthewmosher/.rvm/gems/ruby-2.0.0-p353/gems/actionpack-4.0.0/lib/action_dispatch/middleware/templates/rescues/_trace.erb (1.4ms)
  Rendered /Volumes/RINZLER/matthewmosher/.rvm/gems/ruby-2.0.0-p353/gems/actionpack-4.0.0/lib/action_dispatch/middleware/templates/routes/_table.html.erb (43.3ms)
  Rendered /Volumes/RINZLER/matthewmosher/.rvm/gems/ruby-2.0.0-p353/gems/actionpack-4.0.0/lib/action_dispatch/middleware/templates/rescues/routing_error.erb within rescues/layout (88.3ms)


Started GET "/groups/11" for 127.0.0.1 at 2014-05-30 12:21:47 -0700

ActionController::RoutingError (No route matches [GET] "/groups/11"):
  actionpack (4.0.0) lib/action_dispatch/middleware/debug_exceptions.rb:21:in `call'
  actionpack (4.0.0) lib/action_dispatch/middleware/show_exceptions.rb:30:in `call'
  railties (4.0.0) lib/rails/rack/logger.rb:38:in `call_app'
  railties (4.0.0) lib/rails/rack/logger.rb:21:in `block in call'
  activesupport (4.0.0) lib/active_support/tagged_logging.rb:67:in `block in tagged'
  activesupport (4.0.0) lib/active_support/tagged_logging.rb:25:in `tagged'
  activesupport (4.0.0) lib/active_support/tagged_logging.rb:67:in `tagged'
  railties (4.0.0) lib/rails/rack/logger.rb:21:in `call'
  actionpack (4.0.0) lib/action_dispatch/middleware/request_id.rb:21:in `call'
  rack (1.5.2) lib/rack/methodoverride.rb:21:in `call'
  rack (1.5.2) lib/rack/runtime.rb:17:in `call'
  activesupport (4.0.0) lib/active_support/cache/strategy/local_cache.rb:83:in `call'
  rack (1.5.2) lib/rack/lock.rb:17:in `call'
  actionpack (4.0.0) lib/action_dispatch/middleware/static.rb:64:in `call'
  railties (4.0.0) lib/rails/engine.rb:511:in `call'
  railties (4.0.0) lib/rails/application.rb:97:in `call'
  rack (1.5.2) lib/rack/lock.rb:17:in `call'
  rack (1.5.2) lib/rack/content_length.rb:14:in `call'
  rack (1.5.2) lib/rack/handler/webrick.rb:60:in `service'
  /Volumes/RINZLER/matthewmosher/.rvm/rubies/ruby-2.0.0-p353/lib/ruby/2.0.0/webrick/httpserver.rb:138:in `service'
  /Volumes/RINZLER/matthewmosher/.rvm/rubies/ruby-2.0.0-p353/lib/ruby/2.0.0/webrick/httpserver.rb:94:in `run'
  /Volumes/RINZLER/matthewmosher/.rvm/rubies/ruby-2.0.0-p353/lib/ruby/2.0.0/webrick/server.rb:295:in `block in start_thread'


  Rendered /Volumes/RINZLER/matthewmosher/.rvm/gems/ruby-2.0.0-p353/gems/actionpack-4.0.0/lib/action_dispatch/middleware/templates/rescues/_trace.erb (1.0ms)
  Rendered /Volumes/RINZLER/matthewmosher/.rvm/gems/ruby-2.0.0-p353/gems/actionpack-4.0.0/lib/action_dispatch/middleware/templates/routes/_table.html.erb (1.1ms)
  Rendered /Volumes/RINZLER/matthewmosher/.rvm/gems/ruby-2.0.0-p353/gems/actionpack-4.0.0/lib/action_dispatch/middleware/templates/rescues/routing_error.erb within rescues/layout (10.2ms)


Started GET "/verses" for 127.0.0.1 at 2014-05-30 12:21:47 -0700

ActionController::RoutingError (No route matches [GET] "/verses"):
  actionpack (4.0.0) lib/action_dispatch/middleware/debug_exceptions.rb:21:in `call'
  actionpack (4.0.0) lib/action_dispatch/middleware/show_exceptions.rb:30:in `call'
  railties (4.0.0) lib/rails/rack/logger.rb:38:in `call_app'
  railties (4.0.0) lib/rails/rack/logger.rb:21:in `block in call'
  activesupport (4.0.0) lib/active_support/tagged_logging.rb:67:in `block in tagged'
  activesupport (4.0.0) lib/active_support/tagged_logging.rb:25:in `tagged'
  activesupport (4.0.0) lib/active_support/tagged_logging.rb:67:in `tagged'
  railties (4.0.0) lib/rails/rack/logger.rb:21:in `call'
  actionpack (4.0.0) lib/action_dispatch/middleware/request_id.rb:21:in `call'
  rack (1.5.2) lib/rack/methodoverride.rb:21:in `call'
  rack (1.5.2) lib/rack/runtime.rb:17:in `call'
  activesupport (4.0.0) lib/active_support/cache/strategy/local_cache.rb:83:in `call'
  rack (1.5.2) lib/rack/lock.rb:17:in `call'
  actionpack (4.0.0) lib/action_dispatch/middleware/static.rb:64:in `call'
  railties (4.0.0) lib/rails/engine.rb:511:in `call'
  railties (4.0.0) lib/rails/application.rb:97:in `call'
  rack (1.5.2) lib/rack/lock.rb:17:in `call'
  rack (1.5.2) lib/rack/content_length.rb:14:in `call'
  rack (1.5.2) lib/rack/handler/webrick.rb:60:in `service'
  /Volumes/RINZLER/matthewmosher/.rvm/rubies/ruby-2.0.0-p353/lib/ruby/2.0.0/webrick/httpserver.rb:138:in `service'
  /Volumes/RINZLER/matthewmosher/.rvm/rubies/ruby-2.0.0-p353/lib/ruby/2.0.0/webrick/httpserver.rb:94:in `run'
  /Volumes/RINZLER/matthewmosher/.rvm/rubies/ruby-2.0.0-p353/lib/ruby/2.0.0/webrick/server.rb:295:in `block in start_thread'


  Rendered /Volumes/RINZLER/matthewmosher/.rvm/gems/ruby-2.0.0-p353/gems/actionpack-4.0.0/lib/action_dispatch/middleware/templates/rescues/_trace.erb (0.9ms)
  Rendered /Volumes/RINZLER/matthewmosher/.rvm/gems/ruby-2.0.0-p353/gems/actionpack-4.0.0/lib/action_dispatch/middleware/templates/routes/_table.html.erb (1.1ms)
  Rendered /Volumes/RINZLER/matthewmosher/.rvm/gems/ruby-2.0.0-p353/gems/actionpack-4.0.0/lib/action_dispatch/middleware/templates/rescues/routing_error.erb within rescues/layout (10.3ms)


Started GET "/" for 127.0.0.1 at 2014-05-30 12:27:21 -0700
Processing by Rails::WelcomeController#index as HTML
  Rendered /Volumes/RINZLER/matthewmosher/.rvm/gems/ruby-2.0.0-p353/gems/railties-4.0.0/lib/rails/templates/rails/welcome/index.html.erb (0.1ms)
Completed 200 OK in 2ms (Views: 1.9ms | ActiveRecord: 0.0ms)


Started GET "/" for 127.0.0.1 at 2014-05-30 12:28:08 -0700

NoMethodError (undefined method `oot' for #<ActionDispatch::Routing::Mapper:0x007fb383117068>):
  config/routes.rb:7:in `block in <top (required)>'
  config/routes.rb:1:in `<top (required)>'


  Rendered /Volumes/RINZLER/matthewmosher/.rvm/gems/ruby-2.0.0-p353/gems/actionpack-4.0.0/lib/action_dispatch/middleware/templates/rescues/_source.erb (1.8ms)
  Rendered /Volumes/RINZLER/matthewmosher/.rvm/gems/ruby-2.0.0-p353/gems/actionpack-4.0.0/lib/action_dispatch/middleware/templates/rescues/_trace.erb (1.5ms)
  Rendered /Volumes/RINZLER/matthewmosher/.rvm/gems/ruby-2.0.0-p353/gems/actionpack-4.0.0/lib/action_dispatch/middleware/templates/rescues/_request_and_response.erb (1.9ms)
  Rendered /Volumes/RINZLER/matthewmosher/.rvm/gems/ruby-2.0.0-p353/gems/actionpack-4.0.0/lib/action_dispatch/middleware/templates/rescues/diagnostics.erb within rescues/layout (42.3ms)


Started GET "/" for 127.0.0.1 at 2014-05-30 12:28:18 -0700
Processing by WelcomeController#index as HTML
  Rendered welcome/index.html.erb within layouts/application (0.3ms)
Completed 200 OK in 839ms (Views: 838.2ms | ActiveRecord: 0.0ms)


Started GET "/assets/application.css?body=1" for 127.0.0.1 at 2014-05-30 12:28:19 -0700


Started GET "/assets/welcome.css?body=1" for 127.0.0.1 at 2014-05-30 12:28:19 -0700


Started GET "/assets/application.js?body=1" for 127.0.0.1 at 2014-05-30 12:28:19 -0700


Started GET "/assets/jquery.js?body=1" for 127.0.0.1 at 2014-05-30 12:28:19 -0700


Started GET "/assets/jquery_ujs.js?body=1" for 127.0.0.1 at 2014-05-30 12:28:19 -0700


Started GET "/assets/welcome.js?body=1" for 127.0.0.1 at 2014-05-30 12:28:19 -0700


Started GET "/assets/turbolinks.js?body=1" for 127.0.0.1 at 2014-05-30 12:28:19 -0700
  [1m[36m (2.9ms)[0m  [1mCREATE TABLE "schema_migrations" ("version" varchar(255) NOT NULL) [0m
  [1m[35m (1.9ms)[0m  CREATE UNIQUE INDEX "unique_schema_migrations" ON "schema_migrations" ("version")
  [1m[36mActiveRecord::SchemaMigration Load (0.1ms)[0m  [1mSELECT "schema_migrations".* FROM "schema_migrations"[0m
Migrating to DeviseCreateUsers (20140530193208)
  [1m[35m (0.1ms)[0m  begin transaction
  [1m[36m (0.9ms)[0m  [1mCREATE TABLE "users" ("id" INTEGER PRIMARY KEY AUTOINCREMENT NOT NULL, "email" varchar(255) DEFAULT '' NOT NULL, "encrypted_password" varchar(255) DEFAULT '' NOT NULL, "reset_password_token" varchar(255), "reset_password_sent_at" datetime, "remember_created_at" datetime, "sign_in_count" integer DEFAULT 0 NOT NULL, "current_sign_in_at" datetime, "last_sign_in_at" datetime, "current_sign_in_ip" varchar(255), "last_sign_in_ip" varchar(255), "created_at" datetime, "updated_at" datetime) [0m
  [1m[35m (1.2ms)[0m  CREATE UNIQUE INDEX "index_users_on_email" ON "users" ("email")
  [1m[36m (0.2ms)[0m  [1mCREATE UNIQUE INDEX "index_users_on_reset_password_token" ON "users" ("reset_password_token")[0m
  [1m[35mSQL (0.2ms)[0m  INSERT INTO "schema_migrations" ("version") VALUES (?)  [["version", "20140530193208"]]
  [1m[36m (2.4ms)[0m  [1mcommit transaction[0m
  [1m[35mActiveRecord::SchemaMigration Load (0.1ms)[0m  SELECT "schema_migrations".* FROM "schema_migrations"


Started GET "/" for 127.0.0.1 at 2014-05-30 12:33:53 -0700

NoMethodError (undefined method `devise_for' for #<ActionDispatch::Routing::Mapper:0x007fb386233b60>):
  config/routes.rb:2:in `block in <top (required)>'
  config/routes.rb:1:in `<top (required)>'


  Rendered /Volumes/RINZLER/matthewmosher/.rvm/gems/ruby-2.0.0-p353/gems/actionpack-4.0.0/lib/action_dispatch/middleware/templates/rescues/_source.erb (0.6ms)
  Rendered /Volumes/RINZLER/matthewmosher/.rvm/gems/ruby-2.0.0-p353/gems/actionpack-4.0.0/lib/action_dispatch/middleware/templates/rescues/_trace.erb (1.1ms)
  Rendered /Volumes/RINZLER/matthewmosher/.rvm/gems/ruby-2.0.0-p353/gems/actionpack-4.0.0/lib/action_dispatch/middleware/templates/rescues/_request_and_response.erb (0.9ms)
  Rendered /Volumes/RINZLER/matthewmosher/.rvm/gems/ruby-2.0.0-p353/gems/actionpack-4.0.0/lib/action_dispatch/middleware/templates/rescues/diagnostics.erb within rescues/layout (14.3ms)


Started GET "/" for 127.0.0.1 at 2014-05-30 12:35:38 -0700
  [1m[36mActiveRecord::SchemaMigration Load (0.1ms)[0m  [1mSELECT "schema_migrations".* FROM "schema_migrations"[0m

ActionController::RoutingError (No route matches [GET] "/"):
  actionpack (4.0.0) lib/action_dispatch/middleware/debug_exceptions.rb:21:in `call'
  actionpack (4.0.0) lib/action_dispatch/middleware/show_exceptions.rb:30:in `call'
  railties (4.0.0) lib/rails/rack/logger.rb:38:in `call_app'
  railties (4.0.0) lib/rails/rack/logger.rb:21:in `block in call'
  activesupport (4.0.0) lib/active_support/tagged_logging.rb:67:in `block in tagged'
  activesupport (4.0.0) lib/active_support/tagged_logging.rb:25:in `tagged'
  activesupport (4.0.0) lib/active_support/tagged_logging.rb:67:in `tagged'
  railties (4.0.0) lib/rails/rack/logger.rb:21:in `call'
  actionpack (4.0.0) lib/action_dispatch/middleware/request_id.rb:21:in `call'
  rack (1.5.2) lib/rack/methodoverride.rb:21:in `call'
  rack (1.5.2) lib/rack/runtime.rb:17:in `call'
  activesupport (4.0.0) lib/active_support/cache/strategy/local_cache.rb:83:in `call'
  rack (1.5.2) lib/rack/lock.rb:17:in `call'
  actionpack (4.0.0) lib/action_dispatch/middleware/static.rb:64:in `call'
  railties (4.0.0) lib/rails/engine.rb:511:in `call'
  railties (4.0.0) lib/rails/application.rb:97:in `call'
  rack (1.5.2) lib/rack/lock.rb:17:in `call'
  rack (1.5.2) lib/rack/content_length.rb:14:in `call'
  rack (1.5.2) lib/rack/handler/webrick.rb:60:in `service'
  /Volumes/RINZLER/matthewmosher/.rvm/rubies/ruby-2.0.0-p353/lib/ruby/2.0.0/webrick/httpserver.rb:138:in `service'
  /Volumes/RINZLER/matthewmosher/.rvm/rubies/ruby-2.0.0-p353/lib/ruby/2.0.0/webrick/httpserver.rb:94:in `run'
  /Volumes/RINZLER/matthewmosher/.rvm/rubies/ruby-2.0.0-p353/lib/ruby/2.0.0/webrick/server.rb:295:in `block in start_thread'


  Rendered /Volumes/RINZLER/matthewmosher/.rvm/gems/ruby-2.0.0-p353/gems/actionpack-4.0.0/lib/action_dispatch/middleware/templates/rescues/_trace.erb (0.9ms)
  Rendered /Volumes/RINZLER/matthewmosher/.rvm/gems/ruby-2.0.0-p353/gems/actionpack-4.0.0/lib/action_dispatch/middleware/templates/routes/_table.html.erb (1.0ms)
  Rendered /Volumes/RINZLER/matthewmosher/.rvm/gems/ruby-2.0.0-p353/gems/actionpack-4.0.0/lib/action_dispatch/middleware/templates/rescues/routing_error.erb within rescues/layout (9.3ms)


Started GET "/" for 127.0.0.1 at 2014-05-30 12:37:38 -0700

ActionController::RoutingError (No route matches [GET] "/"):
  actionpack (4.0.0) lib/action_dispatch/middleware/debug_exceptions.rb:21:in `call'
  actionpack (4.0.0) lib/action_dispatch/middleware/show_exceptions.rb:30:in `call'
  railties (4.0.0) lib/rails/rack/logger.rb:38:in `call_app'
  railties (4.0.0) lib/rails/rack/logger.rb:21:in `block in call'
  activesupport (4.0.0) lib/active_support/tagged_logging.rb:67:in `block in tagged'
  activesupport (4.0.0) lib/active_support/tagged_logging.rb:25:in `tagged'
  activesupport (4.0.0) lib/active_support/tagged_logging.rb:67:in `tagged'
  railties (4.0.0) lib/rails/rack/logger.rb:21:in `call'
  actionpack (4.0.0) lib/action_dispatch/middleware/request_id.rb:21:in `call'
  rack (1.5.2) lib/rack/methodoverride.rb:21:in `call'
  rack (1.5.2) lib/rack/runtime.rb:17:in `call'
  activesupport (4.0.0) lib/active_support/cache/strategy/local_cache.rb:83:in `call'
  rack (1.5.2) lib/rack/lock.rb:17:in `call'
  actionpack (4.0.0) lib/action_dispatch/middleware/static.rb:64:in `call'
  railties (4.0.0) lib/rails/engine.rb:511:in `call'
  railties (4.0.0) lib/rails/application.rb:97:in `call'
  rack (1.5.2) lib/rack/lock.rb:17:in `call'
  rack (1.5.2) lib/rack/content_length.rb:14:in `call'
  rack (1.5.2) lib/rack/handler/webrick.rb:60:in `service'
  /Volumes/RINZLER/matthewmosher/.rvm/rubies/ruby-2.0.0-p353/lib/ruby/2.0.0/webrick/httpserver.rb:138:in `service'
  /Volumes/RINZLER/matthewmosher/.rvm/rubies/ruby-2.0.0-p353/lib/ruby/2.0.0/webrick/httpserver.rb:94:in `run'
  /Volumes/RINZLER/matthewmosher/.rvm/rubies/ruby-2.0.0-p353/lib/ruby/2.0.0/webrick/server.rb:295:in `block in start_thread'


  Rendered /Volumes/RINZLER/matthewmosher/.rvm/gems/ruby-2.0.0-p353/gems/actionpack-4.0.0/lib/action_dispatch/middleware/templates/rescues/_trace.erb (0.9ms)
  Rendered /Volumes/RINZLER/matthewmosher/.rvm/gems/ruby-2.0.0-p353/gems/actionpack-4.0.0/lib/action_dispatch/middleware/templates/routes/_table.html.erb (0.9ms)
  Rendered /Volumes/RINZLER/matthewmosher/.rvm/gems/ruby-2.0.0-p353/gems/actionpack-4.0.0/lib/action_dispatch/middleware/templates/rescues/routing_error.erb within rescues/layout (9.8ms)


Started GET "/" for 127.0.0.1 at 2014-05-30 12:37:39 -0700

ActionController::RoutingError (No route matches [GET] "/"):
  actionpack (4.0.0) lib/action_dispatch/middleware/debug_exceptions.rb:21:in `call'
  actionpack (4.0.0) lib/action_dispatch/middleware/show_exceptions.rb:30:in `call'
  railties (4.0.0) lib/rails/rack/logger.rb:38:in `call_app'
  railties (4.0.0) lib/rails/rack/logger.rb:21:in `block in call'
  activesupport (4.0.0) lib/active_support/tagged_logging.rb:67:in `block in tagged'
  activesupport (4.0.0) lib/active_support/tagged_logging.rb:25:in `tagged'
  activesupport (4.0.0) lib/active_support/tagged_logging.rb:67:in `tagged'
  railties (4.0.0) lib/rails/rack/logger.rb:21:in `call'
  actionpack (4.0.0) lib/action_dispatch/middleware/request_id.rb:21:in `call'
  rack (1.5.2) lib/rack/methodoverride.rb:21:in `call'
  rack (1.5.2) lib/rack/runtime.rb:17:in `call'
  activesupport (4.0.0) lib/active_support/cache/strategy/local_cache.rb:83:in `call'
  rack (1.5.2) lib/rack/lock.rb:17:in `call'
  actionpack (4.0.0) lib/action_dispatch/middleware/static.rb:64:in `call'
  railties (4.0.0) lib/rails/engine.rb:511:in `call'
  railties (4.0.0) lib/rails/application.rb:97:in `call'
  rack (1.5.2) lib/rack/lock.rb:17:in `call'
  rack (1.5.2) lib/rack/content_length.rb:14:in `call'
  rack (1.5.2) lib/rack/handler/webrick.rb:60:in `service'
  /Volumes/RINZLER/matthewmosher/.rvm/rubies/ruby-2.0.0-p353/lib/ruby/2.0.0/webrick/httpserver.rb:138:in `service'
  /Volumes/RINZLER/matthewmosher/.rvm/rubies/ruby-2.0.0-p353/lib/ruby/2.0.0/webrick/httpserver.rb:94:in `run'
  /Volumes/RINZLER/matthewmosher/.rvm/rubies/ruby-2.0.0-p353/lib/ruby/2.0.0/webrick/server.rb:295:in `block in start_thread'


  Rendered /Volumes/RINZLER/matthewmosher/.rvm/gems/ruby-2.0.0-p353/gems/actionpack-4.0.0/lib/action_dispatch/middleware/templates/rescues/_trace.erb (1.1ms)
  Rendered /Volumes/RINZLER/matthewmosher/.rvm/gems/ruby-2.0.0-p353/gems/actionpack-4.0.0/lib/action_dispatch/middleware/templates/routes/_table.html.erb (1.0ms)
  Rendered /Volumes/RINZLER/matthewmosher/.rvm/gems/ruby-2.0.0-p353/gems/actionpack-4.0.0/lib/action_dispatch/middleware/templates/rescues/routing_error.erb within rescues/layout (12.0ms)


Started GET "/" for 127.0.0.1 at 2014-05-30 12:40:38 -0700
  [1m[36mActiveRecord::SchemaMigration Load (0.1ms)[0m  [1mSELECT "schema_migrations".* FROM "schema_migrations"[0m
Processing by WelcomeController#index as HTML
  Rendered welcome/index.html.erb within layouts/application (0.9ms)
Completed 200 OK in 63ms (Views: 46.6ms | ActiveRecord: 0.0ms)


Started GET "/assets/application.css?body=1" for 127.0.0.1 at 2014-05-30 12:40:38 -0700


Started GET "/assets/welcome.css?body=1" for 127.0.0.1 at 2014-05-30 12:40:38 -0700


Started GET "/assets/application.js?body=1" for 127.0.0.1 at 2014-05-30 12:40:38 -0700


Started GET "/assets/jquery.js?body=1" for 127.0.0.1 at 2014-05-30 12:40:38 -0700


Started GET "/assets/jquery_ujs.js?body=1" for 127.0.0.1 at 2014-05-30 12:40:38 -0700


Started GET "/assets/turbolinks.js?body=1" for 127.0.0.1 at 2014-05-30 12:40:38 -0700


Started GET "/assets/welcome.js?body=1" for 127.0.0.1 at 2014-05-30 12:40:38 -0700


Started GET "/" for 127.0.0.1 at 2014-05-30 12:41:53 -0700
Processing by WelcomeController#index as HTML
  Rendered welcome/index.html.erb within layouts/application (0.1ms)
Completed 200 OK in 23ms (Views: 21.9ms | ActiveRecord: 0.0ms)


Started GET "/assets/application.css?body=1" for 127.0.0.1 at 2014-05-30 12:41:53 -0700


Started GET "/assets/bootstrap.css?body=1" for 127.0.0.1 at 2014-05-30 12:41:53 -0700


Started GET "/assets/welcome.css?body=1" for 127.0.0.1 at 2014-05-30 12:41:53 -0700


Started GET "/assets/jquery.js?body=1" for 127.0.0.1 at 2014-05-30 12:41:53 -0700


Started GET "/assets/jquery_ujs.js?body=1" for 127.0.0.1 at 2014-05-30 12:41:53 -0700


Started GET "/assets/turbolinks.js?body=1" for 127.0.0.1 at 2014-05-30 12:41:53 -0700


Started GET "/assets/welcome.js?body=1" for 127.0.0.1 at 2014-05-30 12:41:53 -0700


Started GET "/assets/application.js?body=1" for 127.0.0.1 at 2014-05-30 12:41:53 -0700


Started GET "/" for 127.0.0.1 at 2014-05-30 12:45:09 -0700
Processing by WelcomeController#index as HTML
  Rendered welcome/index.html.erb within layouts/application (0.1ms)
Completed 200 OK in 6ms (Views: 5.3ms | ActiveRecord: 0.0ms)


Started GET "/assets/application.css?body=1" for 127.0.0.1 at 2014-05-30 12:45:09 -0700


Started GET "/assets/bootstrap.css?body=1" for 127.0.0.1 at 2014-05-30 12:45:09 -0700


Started GET "/assets/welcome.css?body=1" for 127.0.0.1 at 2014-05-30 12:45:09 -0700


Started GET "/assets/welcome.js?body=1" for 127.0.0.1 at 2014-05-30 12:45:09 -0700


Started GET "/assets/jquery_ujs.js?body=1" for 127.0.0.1 at 2014-05-30 12:45:09 -0700


Started GET "/assets/application.js?body=1" for 127.0.0.1 at 2014-05-30 12:45:09 -0700


Started GET "/assets/jquery.js?body=1" for 127.0.0.1 at 2014-05-30 12:45:09 -0700


Started GET "/assets/turbolinks.js?body=1" for 127.0.0.1 at 2014-05-30 12:45:09 -0700


Started GET "/" for 127.0.0.1 at 2014-05-30 12:49:34 -0700
Processing by WelcomeController#index as HTML
  Rendered welcome/index.html.erb within layouts/application (8.9ms)
Completed 200 OK in 13ms (Views: 12.7ms | ActiveRecord: 0.0ms)


Started GET "/assets/application.css?body=1" for 127.0.0.1 at 2014-05-30 12:49:34 -0700


Started GET "/assets/bootstrap.css?body=1" for 127.0.0.1 at 2014-05-30 12:49:34 -0700


Started GET "/assets/welcome.css?body=1" for 127.0.0.1 at 2014-05-30 12:49:34 -0700


Started GET "/assets/jquery.js?body=1" for 127.0.0.1 at 2014-05-30 12:49:34 -0700


Started GET "/assets/welcome.js?body=1" for 127.0.0.1 at 2014-05-30 12:49:34 -0700


Started GET "/assets/application.js?body=1" for 127.0.0.1 at 2014-05-30 12:49:34 -0700


Started GET "/assets/jquery_ujs.js?body=1" for 127.0.0.1 at 2014-05-30 12:49:34 -0700


Started GET "/assets/turbolinks.js?body=1" for 127.0.0.1 at 2014-05-30 12:49:34 -0700


Started GET "/users/sign_up" for 127.0.0.1 at 2014-05-30 12:49:49 -0700
Processing by Devise::RegistrationsController#new as HTML
  Rendered devise/shared/_links.erb (1.7ms)
  Rendered devise/registrations/new.html.erb within layouts/application (180.1ms)
Completed 200 OK in 190ms (Views: 186.2ms | ActiveRecord: 0.5ms)
  [1m[36mActiveRecord::SchemaMigration Load (0.1ms)[0m  [1mSELECT "schema_migrations".* FROM "schema_migrations"[0m
Migrating to AddFieldsToUsers (20140530202529)
  [1m[35m (0.1ms)[0m  begin transaction
  [1m[36m (1.0ms)[0m  [1mALTER TABLE "users" ADD "first_name" varchar(255)[0m
  [1m[35m (0.2ms)[0m  ALTER TABLE "users" ADD "zipcode" integer
  [1m[36m (0.2ms)[0m  [1mALTER TABLE "users" ADD "bio" text[0m
  [1m[35m (0.2ms)[0m  ALTER TABLE "users" ADD "kids" boolean
  [1m[36m (0.2ms)[0m  [1mALTER TABLE "users" ADD "pets" boolean[0m
  [1m[35m (0.2ms)[0m  ALTER TABLE "users" ADD "birthday" datetime
  [1m[36m (0.2ms)[0m  [1mALTER TABLE "users" ADD "rank" integer[0m
  [1m[35m (0.2ms)[0m  ALTER TABLE "users" ADD "subscribed" boolean
  [1m[36m (0.2ms)[0m  [1mALTER TABLE "users" ADD "weight" integer[0m
  [1m[35m (0.2ms)[0m  ALTER TABLE "users" ADD "height" integer
  [1m[36mSQL (0.2ms)[0m  [1mINSERT INTO "schema_migrations" ("version") VALUES (?)[0m  [["version", "20140530202529"]]
  [1m[35m (5.8ms)[0m  commit transaction
  [1m[36mActiveRecord::SchemaMigration Load (0.1ms)[0m  [1mSELECT "schema_migrations".* FROM "schema_migrations"[0m


Started GET "/users/sign_up" for 127.0.0.1 at 2014-05-30 15:12:08 -0700
  [1m[35mActiveRecord::SchemaMigration Load (0.1ms)[0m  SELECT "schema_migrations".* FROM "schema_migrations"
Processing by Devise::RegistrationsController#new as HTML
  Rendered devise/registrations/new.html.erb within layouts/application (139.7ms)
Completed 500 Internal Server Error in 163ms

ActionView::Template::Error (undefined method `first_name_field' for #<ActionView::Helpers::FormBuilder:0x007fcdfc87fa38>):
    13:   <%= f.password_field :password_confirmation %></div>
    14: 
    15:   <div><%= f.label :first_name %><br />
    16:   <%= f.first_name_field :first_name %></div>
    17: 
    18:   <div><%= f.label :zipcode %><br />
    19:   <%= f.zipcode_field :zipcode %></div>
  app/views/devise/registrations/new.html.erb:16:in `block in _app_views_devise_registrations_new_html_erb___1130937264302968064_70261341957660'
  app/views/devise/registrations/new.html.erb:3:in `_app_views_devise_registrations_new_html_erb___1130937264302968064_70261341957660'


  Rendered /Volumes/RINZLER/matthewmosher/.rvm/gems/ruby-2.0.0-p353/gems/actionpack-4.0.0/lib/action_dispatch/middleware/templates/rescues/_trace.erb (1.6ms)
  Rendered /Volumes/RINZLER/matthewmosher/.rvm/gems/ruby-2.0.0-p353/gems/actionpack-4.0.0/lib/action_dispatch/middleware/templates/rescues/_request_and_response.erb (1.9ms)
  Rendered /Volumes/RINZLER/matthewmosher/.rvm/gems/ruby-2.0.0-p353/gems/actionpack-4.0.0/lib/action_dispatch/middleware/templates/rescues/template_error.erb within rescues/layout (35.4ms)


Started GET "/users/sign_up" for 127.0.0.1 at 2014-05-30 15:18:36 -0700
Processing by Devise::RegistrationsController#new as HTML
  Rendered devise/shared/_links.erb (0.6ms)
  Rendered devise/registrations/new.html.erb within layouts/application (60.1ms)
Completed 200 OK in 67ms (Views: 65.9ms | ActiveRecord: 0.0ms)


Started GET "/assets/application.css?body=1" for 127.0.0.1 at 2014-05-30 15:18:36 -0700


Started GET "/assets/welcome.js?body=1" for 127.0.0.1 at 2014-05-30 15:18:36 -0700


Started GET "/assets/welcome.css?body=1" for 127.0.0.1 at 2014-05-30 15:18:36 -0700


Started GET "/assets/bootstrap.css?body=1" for 127.0.0.1 at 2014-05-30 15:18:36 -0700


Started GET "/assets/jquery.js?body=1" for 127.0.0.1 at 2014-05-30 15:18:36 -0700


Started GET "/assets/application.js?body=1" for 127.0.0.1 at 2014-05-30 15:18:36 -0700


Started GET "/assets/jquery_ujs.js?body=1" for 127.0.0.1 at 2014-05-30 15:18:36 -0700


Started GET "/assets/turbolinks.js?body=1" for 127.0.0.1 at 2014-05-30 15:18:36 -0700


Started GET "/users/sign_up" for 127.0.0.1 at 2014-05-30 15:25:14 -0700

SyntaxError (/Volumes/RINZLER/matthewmosher/Documents/RubyCode/sapion/app/models/user.rb:10: syntax error, unexpected tIDENTIFIER, expecting keyword_end
         validates :zipcode, presence: true length: { is: 5 }
                                                  ^
/Volumes/RINZLER/matthewmosher/Documents/RubyCode/sapion/app/models/user.rb:11: syntax error, unexpected tIDENTIFIER, expecting keyword_end
         validates :bio, presence: true length: { in: 140..1400 }
                                              ^):
  config/routes.rb:2:in `block in <top (required)>'
  config/routes.rb:1:in `<top (required)>'


  Rendered /Volumes/RINZLER/matthewmosher/.rvm/gems/ruby-2.0.0-p353/gems/actionpack-4.0.0/lib/action_dispatch/middleware/templates/rescues/_source.erb (0.8ms)
  Rendered /Volumes/RINZLER/matthewmosher/.rvm/gems/ruby-2.0.0-p353/gems/actionpack-4.0.0/lib/action_dispatch/middleware/templates/rescues/_trace.erb (0.8ms)
  Rendered /Volumes/RINZLER/matthewmosher/.rvm/gems/ruby-2.0.0-p353/gems/actionpack-4.0.0/lib/action_dispatch/middleware/templates/rescues/_request_and_response.erb (0.7ms)
  Rendered /Volumes/RINZLER/matthewmosher/.rvm/gems/ruby-2.0.0-p353/gems/actionpack-4.0.0/lib/action_dispatch/middleware/templates/rescues/diagnostics.erb within rescues/layout (24.7ms)


Started GET "/users/sign_up" for 127.0.0.1 at 2014-05-30 15:25:55 -0700
Processing by Devise::RegistrationsController#new as HTML
  Rendered devise/shared/_links.erb (0.3ms)
  Rendered devise/registrations/new.html.erb within layouts/application (53.6ms)
Completed 200 OK in 62ms (Views: 58.3ms | ActiveRecord: 0.5ms)


Started GET "/assets/application.css?body=1" for 127.0.0.1 at 2014-05-30 15:25:56 -0700


Started GET "/assets/bootstrap.css?body=1" for 127.0.0.1 at 2014-05-30 15:25:56 -0700


Started GET "/assets/welcome.css?body=1" for 127.0.0.1 at 2014-05-30 15:25:56 -0700


Started GET "/assets/jquery.js?body=1" for 127.0.0.1 at 2014-05-30 15:25:56 -0700


Started GET "/assets/jquery_ujs.js?body=1" for 127.0.0.1 at 2014-05-30 15:25:56 -0700


Started GET "/assets/turbolinks.js?body=1" for 127.0.0.1 at 2014-05-30 15:25:56 -0700


Started GET "/assets/welcome.js?body=1" for 127.0.0.1 at 2014-05-30 15:25:56 -0700


Started GET "/assets/application.js?body=1" for 127.0.0.1 at 2014-05-30 15:25:56 -0700


Started GET "/users/sign_up" for 127.0.0.1 at 2014-05-30 15:34:22 -0700
Processing by Devise::RegistrationsController#new as HTML
  Rendered devise/shared/_links.erb (0.3ms)
  Rendered devise/registrations/new.html.erb within layouts/application (47.5ms)
Completed 200 OK in 55ms (Views: 52.2ms | ActiveRecord: 0.5ms)


Started GET "/assets/application.css?body=1" for 127.0.0.1 at 2014-05-30 15:34:22 -0700


Started GET "/assets/welcome.css?body=1" for 127.0.0.1 at 2014-05-30 15:34:22 -0700


Started GET "/assets/jquery.js?body=1" for 127.0.0.1 at 2014-05-30 15:34:22 -0700


Started GET "/assets/bootstrap.css?body=1" for 127.0.0.1 at 2014-05-30 15:34:22 -0700


Started GET "/assets/jquery_ujs.js?body=1" for 127.0.0.1 at 2014-05-30 15:34:22 -0700


Started GET "/assets/welcome.js?body=1" for 127.0.0.1 at 2014-05-30 15:34:22 -0700


Started GET "/assets/turbolinks.js?body=1" for 127.0.0.1 at 2014-05-30 15:34:22 -0700


Started GET "/assets/application.js?body=1" for 127.0.0.1 at 2014-05-30 15:34:22 -0700


Started POST "/users" for 127.0.0.1 at 2014-05-30 15:35:34 -0700
Processing by Devise::RegistrationsController#create as HTML
  Parameters: {"utf8"=>"✓", "authenticity_token"=>"EQkY78Bfc5PwePtBTbl+952Q++CHXBR5MryFchIwQmY=", "user"=>{"email"=>"mbmosher@asu.edu", "password"=>"[FILTERED]", "password_confirmation"=>"[FILTERED]", "first_name"=>"Matthew", "zipcode"=>"85281", "birthday(1i)"=>"2009", "birthday(2i)"=>"12", "birthday(3i)"=>"14", "weight"=>"155", "height"=>"68"}, "commit"=>"Sign up"}
Unpermitted parameters: first_name, zipcode, birthday(1i), birthday(2i), birthday(3i), weight, height
  [1m[36m (0.1ms)[0m  [1mbegin transaction[0m
  [1m[35mUser Exists (0.2ms)[0m  SELECT 1 AS one FROM "users" WHERE "users"."email" = 'mbmosher@asu.edu' LIMIT 1
  [1m[36m (0.1ms)[0m  [1mrollback transaction[0m
  Rendered devise/shared/_links.erb (0.3ms)
  Rendered devise/registrations/new.html.erb within layouts/application (41.3ms)
Completed 200 OK in 180ms (Views: 45.6ms | ActiveRecord: 0.4ms)


Started GET "/assets/application.css?body=1" for 127.0.0.1 at 2014-05-30 15:35:35 -0700


Started GET "/assets/welcome.css?body=1" for 127.0.0.1 at 2014-05-30 15:35:35 -0700


Started GET "/assets/bootstrap.css?body=1" for 127.0.0.1 at 2014-05-30 15:35:35 -0700


Started GET "/assets/jquery.js?body=1" for 127.0.0.1 at 2014-05-30 15:35:35 -0700


Started GET "/assets/welcome.js?body=1" for 127.0.0.1 at 2014-05-30 15:35:35 -0700


Started GET "/assets/application.js?body=1" for 127.0.0.1 at 2014-05-30 15:35:35 -0700


Started GET "/assets/jquery_ujs.js?body=1" for 127.0.0.1 at 2014-05-30 15:35:35 -0700


Started GET "/assets/turbolinks.js?body=1" for 127.0.0.1 at 2014-05-30 15:35:35 -0700
